<?xml version="1.0" encoding="UTF-8"?>
<testsuite xmlns:xsi="http://www.w3.org/2001/XMLSchema-instance" xsi:noNamespaceSchemaLocation="https://maven.apache.org/surefire/maven-surefire-plugin/xsd/surefire-test-report-3.0.xsd" version="3.0" name="univ_rouen.fr.Profiles_Service.ProfilesServiceApplicationTests" time="5.736" tests="1" errors="0" skipped="0" failures="0">
  <properties>
[...]
</properties>
  <testcase name="contextLoads" classname="univ_rouen.fr.Profiles_Service.ProfilesServiceApplicationTests" time="0.544">
    <system-out><![CDATA[14:09:37.520 [main] INFO org.springframework.test.context.support.AnnotationConfigContextLoaderUtils -- Could not detect default configuration classes for test class [univ_rouen.fr.Profiles_Service.ProfilesServiceApplicationTests]: ProfilesServiceApplicationTests does not declare any static, non-private, non-final, nested classes annotated with @Configuration.
14:09:37.588 [main] INFO org.springframework.boot.test.context.SpringBootTestContextBootstrapper -- Found @SpringBootConfiguration univ_rouen.fr.Profiles_Service.ProfilesServiceApplication for test class univ_rouen.fr.Profiles_Service.ProfilesServiceApplicationTests
14:09:37.692 [main] INFO org.springframework.boot.devtools.restart.RestartApplicationListener -- Restart disabled due to context in which it is running
  .   ____          _            __ _ _
 /\\ / ___'_ __ _ _(_)_ __  __ _ \ \ \ \
( ( )\___ | '_ | '_| | '_ \/ _` | \ \ \ \
 \\/  ___)| |_)| | | | | || (_| |  ) ) ) )
  '  |____| .__|_| |_|_| |_\__, | / / / /
 =========|_|==============|___/=/_/_/_/

 :: Spring Boot ::                (v3.3.0)

2024-05-26T14:09:38.038+02:00  INFO 63406 --- [Profiles-Service] [           main] [                                                 ] u.f.P.ProfilesServiceApplicationTests    : Starting ProfilesServiceApplicationTests using Java 21.0.3 with PID 63406 (started by ahmed in /home/ahmed/Bureau/Projet Architecture Distribuée/Profiles-Service)
2024-05-26T14:09:38.040+02:00  INFO 63406 --- [Profiles-Service] [           main] [                                                 ] u.f.P.ProfilesServiceApplicationTests    : No active profile set, falling back to 1 default profile: "default"
2024-05-26T14:09:38.064+02:00 DEBUG 63406 --- [Profiles-Service] [           main] [                                                 ] o.s.w.c.s.GenericWebApplicationContext   : Refreshing org.springframework.web.context.support.GenericWebApplicationContext@6ecd665
2024-05-26T14:09:38.892+02:00  INFO 63406 --- [Profiles-Service] [           main] [                                                 ] .s.d.r.c.RepositoryConfigurationDelegate : Multiple Spring Data modules found, entering strict repository configuration mode
2024-05-26T14:09:38.893+02:00  INFO 63406 --- [Profiles-Service] [           main] [                                                 ] .s.d.r.c.RepositoryConfigurationDelegate : Bootstrapping Spring Data MongoDB repositories in DEFAULT mode.
2024-05-26T14:09:39.007+02:00  INFO 63406 --- [Profiles-Service] [           main] [                                                 ] .s.d.r.c.RepositoryConfigurationDelegate : Finished Spring Data repository scanning in 111 ms. Found 12 MongoDB repository interfaces.
2024-05-26T14:09:39.274+02:00  INFO 63406 --- [Profiles-Service] [           main] [                                                 ] o.s.cloud.context.scope.GenericScope     : BeanFactory id=1d872a23-16ed-3a0f-829e-ca6317401214
2024-05-26T14:09:39.494+02:00  WARN 63406 --- [Profiles-Service] [           main] [                                                 ] trationDelegate$BeanPostProcessorChecker : Bean 'org.springframework.cloud.client.loadbalancer.LoadBalancerAutoConfiguration$DeferringLoadBalancerInterceptorConfig' of type [org.springframework.cloud.client.loadbalancer.LoadBalancerAutoConfiguration$DeferringLoadBalancerInterceptorConfig] is not eligible for getting processed by all BeanPostProcessors (for example: not eligible for auto-proxying). The currently created BeanPostProcessor [lbRestClientPostProcessor] is declared through a non-static factory method on that class; consider declaring it as static instead.
2024-05-26T14:09:39.497+02:00  WARN 63406 --- [Profiles-Service] [           main] [                                                 ] trationDelegate$BeanPostProcessorChecker : Bean 'deferringLoadBalancerInterceptor' of type [org.springframework.cloud.client.loadbalancer.DeferringLoadBalancerInterceptor] is not eligible for getting processed by all BeanPostProcessors (for example: not eligible for auto-proxying). Is this bean getting eagerly injected into a currently created BeanPostProcessor [lbRestClientPostProcessor]? Check the corresponding BeanPostProcessor declaration and its dependencies.
2024-05-26T14:09:39.742+02:00  INFO 63406 --- [Profiles-Service] [           main] [                                                 ] org.mongodb.driver.client                : MongoClient with metadata {"driver": {"name": "mongo-java-driver|sync|spring-boot", "version": "5.0.1"}, "os": {"type": "Linux", "name": "Linux", "architecture": "amd64", "version": "6.8.0-31-generic"}, "platform": "Java/Ubuntu/21.0.3+9-Ubuntu-1ubuntu1"} created with settings MongoClientSettings{readPreference=primary, writeConcern=WriteConcern{w=null, wTimeout=null ms, journal=null}, retryWrites=true, retryReads=true, readConcern=ReadConcern{level=null}, credential=null, transportSettings=null, commandListeners=[io.micrometer.core.instrument.binder.mongodb.MongoMetricsCommandListener@22a63740], codecRegistry=ProvidersCodecRegistry{codecProviders=[ValueCodecProvider{}, BsonValueCodecProvider{}, DBRefCodecProvider{}, DBObjectCodecProvider{}, DocumentCodecProvider{}, CollectionCodecProvider{}, IterableCodecProvider{}, MapCodecProvider{}, GeoJsonCodecProvider{}, GridFSFileCodecProvider{}, Jsr310CodecProvider{}, JsonObjectCodecProvider{}, BsonCodecProvider{}, EnumCodecProvider{}, com.mongodb.client.model.mql.ExpressionCodecProvider@6d2db15b, com.mongodb.Jep395RecordCodecProvider@749ad37c, com.mongodb.KotlinCodecProvider@1b485c8b]}, loggerSettings=LoggerSettings{maxDocumentLength=1000}, clusterSettings={hosts=[localhost:27017], srvServiceName=mongodb, mode=SINGLE, requiredClusterType=UNKNOWN, requiredReplicaSetName='null', serverSelector='null', clusterListeners='[]', serverSelectionTimeout='30000 ms', localThreshold='15 ms'}, socketSettings=SocketSettings{connectTimeoutMS=10000, readTimeoutMS=0, receiveBufferSize=0, proxySettings=ProxySettings{host=null, port=null, username=null, password=null}}, heartbeatSocketSettings=SocketSettings{connectTimeoutMS=10000, readTimeoutMS=10000, receiveBufferSize=0, proxySettings=ProxySettings{host=null, port=null, username=null, password=null}}, connectionPoolSettings=ConnectionPoolSettings{maxSize=100, minSize=0, maxWaitTimeMS=120000, maxConnectionLifeTimeMS=0, maxConnectionIdleTimeMS=0, maintenanceInitialDelayMS=0, maintenanceFrequencyMS=60000, connectionPoolListeners=[io.micrometer.core.instrument.binder.mongodb.MongoMetricsConnectionPoolListener@3dfc59c5], maxConnecting=2}, serverSettings=ServerSettings{heartbeatFrequencyMS=10000, minHeartbeatFrequencyMS=500, serverListeners='[]', serverMonitorListeners='[]'}, sslSettings=SslSettings{enabled=false, invalidHostNameAllowed=false, context=null}, applicationName='null', compressorList=[], uuidRepresentation=JAVA_LEGACY, serverApi=null, autoEncryptionSettings=null, dnsClient=null, inetAddressResolver=null, contextProvider=null}
2024-05-26T14:09:39.754+02:00  INFO 63406 --- [Profiles-Service] [localhost:27017] [                                                 ] org.mongodb.driver.cluster               : Monitor thread successfully connected to server with description ServerDescription{address=localhost:27017, type=STANDALONE, state=CONNECTED, ok=true, minWireVersion=0, maxWireVersion=21, maxDocumentSize=16777216, logicalSessionTimeoutMinutes=30, roundTripTimeNanos=11008887}
2024-05-26T14:09:40.614+02:00  INFO 63406 --- [Profiles-Service] [           main] [                                                 ] o.s.b.a.w.s.WelcomePageHandlerMapping    : Adding welcome page template: index
2024-05-26T14:09:40.688+02:00 DEBUG 63406 --- [Profiles-Service] [           main] [                                                 ] s.w.s.m.m.a.RequestMappingHandlerMapping : 15 mappings in 'requestMappingHandlerMapping'
2024-05-26T14:09:40.827+02:00 DEBUG 63406 --- [Profiles-Service] [           main] [                                                 ] o.s.w.s.handler.SimpleUrlHandlerMapping  : Patterns [/webjars/**, /**, /swagger-ui*/*swagger-initializer.js, /swagger-ui*/**] in 'resourceHandlerMapping'
2024-05-26T14:09:40.872+02:00 DEBUG 63406 --- [Profiles-Service] [           main] [                                                 ] s.w.s.m.m.a.RequestMappingHandlerAdapter : ControllerAdvice beans: 0 @ModelAttribute, 0 @InitBinder, 1 RequestBodyAdvice, 1 ResponseBodyAdvice
2024-05-26T14:09:40.903+02:00 DEBUG 63406 --- [Profiles-Service] [           main] [                                                 ] .m.m.a.ExceptionHandlerExceptionResolver : ControllerAdvice beans: 2 @ExceptionHandler, 1 ResponseBodyAdvice
2024-05-26T14:09:40.943+02:00 DEBUG 63406 --- [Profiles-Service] [           main] [                                                 ] .m.m.a.ExceptionHandlerExceptionResolver : ControllerAdvice beans: 2 @ExceptionHandler, 0 ResponseBodyAdvice
2024-05-26T14:09:41.832+02:00  INFO 63406 --- [Profiles-Service] [           main] [                                                 ] DiscoveryClientOptionalArgsConfiguration : Eureka HTTP Client uses RestTemplate.
2024-05-26T14:09:41.930+02:00  INFO 63406 --- [Profiles-Service] [           main] [                                                 ] o.s.b.a.e.web.EndpointLinksResolver      : Exposing 18 endpoints beneath base path '/actuator'
2024-05-26T14:09:42.006+02:00  INFO 63406 --- [Profiles-Service] [           main] [                                                 ] o.a.k.clients.admin.AdminClientConfig    : AdminClientConfig values: 
	auto.include.jmx.reporter = true
	bootstrap.controllers = []
	bootstrap.servers = [localhost:9092]
	client.dns.lookup = use_all_dns_ips
	client.id = Profiles-Service-admin-0
	connections.max.idle.ms = 300000
	default.api.timeout.ms = 60000
	enable.metrics.push = true
	metadata.max.age.ms = 300000
	metric.reporters = []
	metrics.num.samples = 2
	metrics.recording.level = INFO
	metrics.sample.window.ms = 30000
	receive.buffer.bytes = 65536
	reconnect.backoff.max.ms = 1000
	reconnect.backoff.ms = 50
	request.timeout.ms = 30000
	retries = 2147483647
	retry.backoff.max.ms = 1000
	retry.backoff.ms = 100
	sasl.client.callback.handler.class = null
	sasl.jaas.config = null
	sasl.kerberos.kinit.cmd = /usr/bin/kinit
	sasl.kerberos.min.time.before.relogin = 60000
	sasl.kerberos.service.name = null
	sasl.kerberos.ticket.renew.jitter = 0.05
	sasl.kerberos.ticket.renew.window.factor = 0.8
	sasl.login.callback.handler.class = null
	sasl.login.class = null
	sasl.login.connect.timeout.ms = null
	sasl.login.read.timeout.ms = null
	sasl.login.refresh.buffer.seconds = 300
	sasl.login.refresh.min.period.seconds = 60
	sasl.login.refresh.window.factor = 0.8
	sasl.login.refresh.window.jitter = 0.05
	sasl.login.retry.backoff.max.ms = 10000
	sasl.login.retry.backoff.ms = 100
	sasl.mechanism = GSSAPI
	sasl.oauthbearer.clock.skew.seconds = 30
	sasl.oauthbearer.expected.audience = null
	sasl.oauthbearer.expected.issuer = null
	sasl.oauthbearer.jwks.endpoint.refresh.ms = 3600000
	sasl.oauthbearer.jwks.endpoint.retry.backoff.max.ms = 10000
	sasl.oauthbearer.jwks.endpoint.retry.backoff.ms = 100
	sasl.oauthbearer.jwks.endpoint.url = null
	sasl.oauthbearer.scope.claim.name = scope
	sasl.oauthbearer.sub.claim.name = sub
	sasl.oauthbearer.token.endpoint.url = null
	security.protocol = PLAINTEXT
	security.providers = null
	send.buffer.bytes = 131072
	socket.connection.setup.timeout.max.ms = 30000
	socket.connection.setup.timeout.ms = 10000
	ssl.cipher.suites = null
	ssl.enabled.protocols = [TLSv1.2, TLSv1.3]
	ssl.endpoint.identification.algorithm = https
	ssl.engine.factory.class = null
	ssl.key.password = null
	ssl.keymanager.algorithm = SunX509
	ssl.keystore.certificate.chain = null
	ssl.keystore.key = null
	ssl.keystore.location = null
	ssl.keystore.password = null
	ssl.keystore.type = JKS
	ssl.protocol = TLSv1.3
	ssl.provider = null
	ssl.secure.random.implementation = null
	ssl.trustmanager.algorithm = PKIX
	ssl.truststore.certificates = null
	ssl.truststore.location = null
	ssl.truststore.password = null
	ssl.truststore.type = JKS

2024-05-26T14:09:42.100+02:00  INFO 63406 --- [Profiles-Service] [           main] [                                                 ] o.a.kafka.common.utils.AppInfoParser     : Kafka version: 3.7.0
2024-05-26T14:09:42.101+02:00  INFO 63406 --- [Profiles-Service] [           main] [                                                 ] o.a.kafka.common.utils.AppInfoParser     : Kafka commitId: 2ae524ed625438c5
2024-05-26T14:09:42.101+02:00  INFO 63406 --- [Profiles-Service] [           main] [                                                 ] o.a.kafka.common.utils.AppInfoParser     : Kafka startTimeMs: 1716725382099
2024-05-26T14:09:42.301+02:00  INFO 63406 --- [Profiles-Service] [Service-admin-0] [                                                 ] o.a.kafka.common.utils.AppInfoParser     : App info kafka.admin.client for Profiles-Service-admin-0 unregistered
2024-05-26T14:09:42.304+02:00  INFO 63406 --- [Profiles-Service] [Service-admin-0] [                                                 ] o.apache.kafka.common.metrics.Metrics    : Metrics scheduler closed
2024-05-26T14:09:42.305+02:00  INFO 63406 --- [Profiles-Service] [Service-admin-0] [                                                 ] o.apache.kafka.common.metrics.Metrics    : Closing reporter org.apache.kafka.common.metrics.JmxReporter
2024-05-26T14:09:42.305+02:00  INFO 63406 --- [Profiles-Service] [Service-admin-0] [                                                 ] o.apache.kafka.common.metrics.Metrics    : Metrics reporters closed
2024-05-26T14:09:42.317+02:00  INFO 63406 --- [Profiles-Service] [           main] [                                                 ] o.s.c.n.eureka.InstanceInfoFactory       : Setting initial instance status as: STARTING
2024-05-26T14:09:42.339+02:00  INFO 63406 --- [Profiles-Service] [           main] [                                                 ] com.netflix.discovery.DiscoveryClient    : Initializing Eureka in region us-east-1
2024-05-26T14:09:42.341+02:00  INFO 63406 --- [Profiles-Service] [           main] [                                                 ] c.n.d.s.r.aws.ConfigClusterResolver      : Resolving eureka endpoints via configuration
2024-05-26T14:09:42.355+02:00  INFO 63406 --- [Profiles-Service] [           main] [                                                 ] com.netflix.discovery.DiscoveryClient    : Disable delta property : false
2024-05-26T14:09:42.356+02:00  INFO 63406 --- [Profiles-Service] [           main] [                                                 ] com.netflix.discovery.DiscoveryClient    : Single vip registry refresh property : null
2024-05-26T14:09:42.356+02:00  INFO 63406 --- [Profiles-Service] [           main] [                                                 ] com.netflix.discovery.DiscoveryClient    : Force full registry fetch : false
2024-05-26T14:09:42.356+02:00  INFO 63406 --- [Profiles-Service] [           main] [                                                 ] com.netflix.discovery.DiscoveryClient    : Application is null : false
2024-05-26T14:09:42.356+02:00  INFO 63406 --- [Profiles-Service] [           main] [                                                 ] com.netflix.discovery.DiscoveryClient    : Registered Applications size is zero : true
2024-05-26T14:09:42.356+02:00  INFO 63406 --- [Profiles-Service] [           main] [                                                 ] com.netflix.discovery.DiscoveryClient    : Application version is -1: true
2024-05-26T14:09:42.356+02:00  INFO 63406 --- [Profiles-Service] [           main] [                                                 ] com.netflix.discovery.DiscoveryClient    : Getting all instance registry info from the eureka server
2024-05-26T14:09:42.375+02:00 DEBUG 63406 --- [Profiles-Service] [           main] [                                                 ] o.s.web.client.RestTemplate              : HTTP GET http://localhost:8761/eureka/apps/
2024-05-26T14:09:42.432+02:00 DEBUG 63406 --- [Profiles-Service] [           main] [                                                 ] o.s.web.client.RestTemplate              : Accept=[application/json, application/*+json]
2024-05-26T14:09:42.460+02:00 DEBUG 63406 --- [Profiles-Service] [           main] [                                                 ] o.s.web.client.RestTemplate              : Response 200 OK
2024-05-26T14:09:42.461+02:00 DEBUG 63406 --- [Profiles-Service] [           main] [                                                 ] o.s.web.client.RestTemplate              : Reading to [org.springframework.cloud.netflix.eureka.http.EurekaApplications]
2024-05-26T14:09:42.486+02:00  INFO 63406 --- [Profiles-Service] [           main] [                                                 ] com.netflix.discovery.DiscoveryClient    : The response status is 200
2024-05-26T14:09:42.488+02:00  INFO 63406 --- [Profiles-Service] [           main] [                                                 ] com.netflix.discovery.DiscoveryClient    : Starting heartbeat executor: renew interval is: 10
2024-05-26T14:09:42.490+02:00  INFO 63406 --- [Profiles-Service] [           main] [                                                 ] c.n.discovery.InstanceInfoReplicator     : InstanceInfoReplicator onDemand update allowed rate per min is 4
2024-05-26T14:09:42.493+02:00  INFO 63406 --- [Profiles-Service] [           main] [                                                 ] com.netflix.discovery.DiscoveryClient    : Discovery Client initialized at timestamp 1716725382493 with initial instances count: 1
2024-05-26T14:09:42.497+02:00  INFO 63406 --- [Profiles-Service] [           main] [                                                 ] o.s.c.n.e.s.EurekaServiceRegistry        : Registering application PROFILES-SERVICE with eureka with status UP
2024-05-26T14:09:42.498+02:00  INFO 63406 --- [Profiles-Service] [           main] [                                                 ] com.netflix.discovery.DiscoveryClient    : Saw local status change event StatusChangeEvent [timestamp=1716725382498, current=UP, previous=STARTING]
2024-05-26T14:09:42.500+02:00  INFO 63406 --- [Profiles-Service] [nfoReplicator-0] [                                                 ] com.netflix.discovery.DiscoveryClient    : DiscoveryClient_PROFILES-SERVICE/192.168.153.140:Profiles-Service:8083: registering service...
2024-05-26T14:09:42.503+02:00 DEBUG 63406 --- [Profiles-Service] [nfoReplicator-0] [                                                 ] o.s.web.client.RestTemplate              : HTTP POST http://localhost:8761/eureka/apps/PROFILES-SERVICE
2024-05-26T14:09:42.504+02:00 DEBUG 63406 --- [Profiles-Service] [nfoReplicator-0] [                                                 ] o.s.web.client.RestTemplate              : Accept=[application/json, application/*+json]
2024-05-26T14:09:42.512+02:00 DEBUG 63406 --- [Profiles-Service] [nfoReplicator-0] [                                                 ] o.s.web.client.RestTemplate              : Writing [InstanceInfo [instanceId = 192.168.153.140:Profiles-Service:8083, appName = PROFILES-SERVICE, hostName = 192.168.153.140, status = UP, ipAddr = 192.168.153.140, port = 8083, securePort = 443, dataCenterInfo = com.netflix.appinfo.MyDataCenterInfo@6bd2f039] as "application/json"
2024-05-26T14:09:42.520+02:00  INFO 63406 --- [Profiles-Service] [           main] [                                                 ] o.a.k.clients.consumer.ConsumerConfig    : ConsumerConfig values: 
	allow.auto.create.topics = true
	auto.commit.interval.ms = 5000
	auto.include.jmx.reporter = true
	auto.offset.reset = earliest
	bootstrap.servers = [localhost:9092]
	check.crcs = true
	client.dns.lookup = use_all_dns_ips
	client.id = consumer-profiles-group-1
	client.rack = 
	connections.max.idle.ms = 540000
	default.api.timeout.ms = 60000
	enable.auto.commit = false
	enable.metrics.push = true
	exclude.internal.topics = true
	fetch.max.bytes = 52428800
	fetch.max.wait.ms = 500
	fetch.min.bytes = 1
	group.id = profiles-group
	group.instance.id = null
	group.protocol = classic
	group.remote.assignor = null
	heartbeat.interval.ms = 3000
	interceptor.classes = []
	internal.leave.group.on.close = true
	internal.throw.on.fetch.stable.offset.unsupported = false
	isolation.level = read_uncommitted
	key.deserializer = class org.apache.kafka.common.serialization.StringDeserializer
	max.partition.fetch.bytes = 1048576
	max.poll.interval.ms = 300000
	max.poll.records = 500
	metadata.max.age.ms = 300000
	metric.reporters = []
	metrics.num.samples = 2
	metrics.recording.level = INFO
	metrics.sample.window.ms = 30000
	partition.assignment.strategy = [class org.apache.kafka.clients.consumer.RangeAssignor, class org.apache.kafka.clients.consumer.CooperativeStickyAssignor]
	receive.buffer.bytes = 65536
	reconnect.backoff.max.ms = 1000
	reconnect.backoff.ms = 50
	request.timeout.ms = 30000
	retry.backoff.max.ms = 1000
	retry.backoff.ms = 100
	sasl.client.callback.handler.class = null
	sasl.jaas.config = null
	sasl.kerberos.kinit.cmd = /usr/bin/kinit
	sasl.kerberos.min.time.before.relogin = 60000
	sasl.kerberos.service.name = null
	sasl.kerberos.ticket.renew.jitter = 0.05
	sasl.kerberos.ticket.renew.window.factor = 0.8
	sasl.login.callback.handler.class = null
	sasl.login.class = null
	sasl.login.connect.timeout.ms = null
	sasl.login.read.timeout.ms = null
	sasl.login.refresh.buffer.seconds = 300
	sasl.login.refresh.min.period.seconds = 60
	sasl.login.refresh.window.factor = 0.8
	sasl.login.refresh.window.jitter = 0.05
	sasl.login.retry.backoff.max.ms = 10000
	sasl.login.retry.backoff.ms = 100
	sasl.mechanism = GSSAPI
	sasl.oauthbearer.clock.skew.seconds = 30
	sasl.oauthbearer.expected.audience = null
	sasl.oauthbearer.expected.issuer = null
	sasl.oauthbearer.jwks.endpoint.refresh.ms = 3600000
	sasl.oauthbearer.jwks.endpoint.retry.backoff.max.ms = 10000
	sasl.oauthbearer.jwks.endpoint.retry.backoff.ms = 100
	sasl.oauthbearer.jwks.endpoint.url = null
	sasl.oauthbearer.scope.claim.name = scope
	sasl.oauthbearer.sub.claim.name = sub
	sasl.oauthbearer.token.endpoint.url = null
	security.protocol = PLAINTEXT
	security.providers = null
	send.buffer.bytes = 131072
	session.timeout.ms = 45000
	socket.connection.setup.timeout.max.ms = 30000
	socket.connection.setup.timeout.ms = 10000
	ssl.cipher.suites = null
	ssl.enabled.protocols = [TLSv1.2, TLSv1.3]
	ssl.endpoint.identification.algorithm = https
	ssl.engine.factory.class = null
	ssl.key.password = null
	ssl.keymanager.algorithm = SunX509
	ssl.keystore.certificate.chain = null
	ssl.keystore.key = null
	ssl.keystore.location = null
	ssl.keystore.password = null
	ssl.keystore.type = JKS
	ssl.protocol = TLSv1.3
	ssl.provider = null
	ssl.secure.random.implementation = null
	ssl.trustmanager.algorithm = PKIX
	ssl.truststore.certificates = null
	ssl.truststore.location = null
	ssl.truststore.password = null
	ssl.truststore.type = JKS
	value.deserializer = class org.apache.kafka.common.serialization.StringDeserializer

2024-05-26T14:09:42.525+02:00 DEBUG 63406 --- [Profiles-Service] [nfoReplicator-0] [                                                 ] o.s.web.client.RestTemplate              : Response 204 NO_CONTENT
2024-05-26T14:09:42.525+02:00  INFO 63406 --- [Profiles-Service] [nfoReplicator-0] [                                                 ] com.netflix.discovery.DiscoveryClient    : DiscoveryClient_PROFILES-SERVICE/192.168.153.140:Profiles-Service:8083 - registration status: 204
2024-05-26T14:09:42.547+02:00  INFO 63406 --- [Profiles-Service] [           main] [                                                 ] o.a.k.c.t.i.KafkaMetricsCollector        : initializing Kafka metrics collector
2024-05-26T14:09:42.583+02:00  INFO 63406 --- [Profiles-Service] [           main] [                                                 ] o.a.kafka.common.utils.AppInfoParser     : Kafka version: 3.7.0
2024-05-26T14:09:42.583+02:00  INFO 63406 --- [Profiles-Service] [           main] [                                                 ] o.a.kafka.common.utils.AppInfoParser     : Kafka commitId: 2ae524ed625438c5
2024-05-26T14:09:42.584+02:00  INFO 63406 --- [Profiles-Service] [           main] [                                                 ] o.a.kafka.common.utils.AppInfoParser     : Kafka startTimeMs: 1716725382583
2024-05-26T14:09:42.594+02:00  INFO 63406 --- [Profiles-Service] [           main] [                                                 ] o.a.k.c.c.internals.LegacyKafkaConsumer  : [Consumer clientId=consumer-profiles-group-1, groupId=profiles-group] Subscribed to topic(s): user-profiles
2024-05-26T14:09:42.609+02:00  INFO 63406 --- [Profiles-Service] [ntainer#0-0-C-1] [                                                 ] org.apache.kafka.clients.Metadata        : [Consumer clientId=consumer-profiles-group-1, groupId=profiles-group] Cluster ID: BKsBvOQ3SdiIWw53-I5Hag
2024-05-26T14:09:42.610+02:00  INFO 63406 --- [Profiles-Service] [ntainer#0-0-C-1] [                                                 ] o.a.k.c.c.internals.ConsumerCoordinator  : [Consumer clientId=consumer-profiles-group-1, groupId=profiles-group] Discovered group coordinator localhost:9092 (id: 2147483646 rack: null)
2024-05-26T14:09:42.612+02:00  INFO 63406 --- [Profiles-Service] [ntainer#0-0-C-1] [                                                 ] o.a.k.c.c.internals.ConsumerCoordinator  : [Consumer clientId=consumer-profiles-group-1, groupId=profiles-group] (Re-)joining group
2024-05-26T14:09:42.618+02:00  INFO 63406 --- [Profiles-Service] [           main] [                                                 ] u.f.P.ProfilesServiceApplicationTests    : Started ProfilesServiceApplicationTests in 4.935 seconds (process running for 5.68)
2024-05-26T14:09:42.621+02:00  INFO 63406 --- [Profiles-Service] [ntainer#0-0-C-1] [                                                 ] o.a.k.c.c.internals.ConsumerCoordinator  : [Consumer clientId=consumer-profiles-group-1, groupId=profiles-group] Request joining group due to: need to re-join with the given member-id: consumer-profiles-group-1-714ad648-61ac-419a-8439-689576776a7f
2024-05-26T14:09:42.621+02:00  INFO 63406 --- [Profiles-Service] [ntainer#0-0-C-1] [                                                 ] o.a.k.c.c.internals.ConsumerCoordinator  : [Consumer clientId=consumer-profiles-group-1, groupId=profiles-group] (Re-)joining group
]]></system-out>
    <system-err><![CDATA[WARNING: A Java agent has been loaded dynamically (/home/ahmed/.m2/repository/net/bytebuddy/byte-buddy-agent/1.14.16/byte-buddy-agent-1.14.16.jar)
WARNING: If a serviceability tool is in use, please run with -XX:+EnableDynamicAgentLoading to hide this warning
WARNING: If a serviceability tool is not in use, please run with -Djdk.instrument.traceUsage for more information
WARNING: Dynamic loading of agents will be disallowed by default in a future release
]]></system-err>
  </testcase>
</testsuite>